0 info it worked if it ends with ok
1 verbose cli [ 'c:\\PROGRA~1\\nodejs\\node.exe',
1 verbose cli   'c:\\PROGRA~1\\nodejs\\node_modules\\npm\\bin\\npm-cli.js',
1 verbose cli   'install' ]
2 info using npm@2.15.5
3 info using node@v4.4.5
4 verbose readDependencies loading dependencies from C:\Users\lance\code\lancebrown.tech\lancebrown.tech\package.json
5 warn package.json dungeon@1.0.0 No repository field.
6 warn package.json dungeon@1.0.0 No README data
7 verbose install where, deps [ 'C:\\Users\\lance\\code\\lancebrown.tech\\lancebrown.tech',
7 verbose install   [ 'bcrypt',
7 verbose install     'bcryptjs',
7 verbose install     'body-parser',
7 verbose install     'express',
7 verbose install     'express-session',
7 verbose install     'mongoose',
7 verbose install     'morgan',
7 verbose install     'passport',
7 verbose install     'passport-local' ] ]
8 verbose install where, peers [ 'C:\\Users\\lance\\code\\lancebrown.tech\\lancebrown.tech',
8 verbose install   [] ]
9 verbose installManyTop reading for lifecycle C:\Users\lance\code\lancebrown.tech\lancebrown.tech\package.json
10 info preinstall dungeon@1.0.0
11 verbose installManyTop reading scoped package data from C:\Users\lance\code\lancebrown.tech\lancebrown.tech\node_modules\bcryptjs\package.json
12 verbose installManyTop reading scoped package data from C:\Users\lance\code\lancebrown.tech\lancebrown.tech\node_modules\body-parser\package.json
13 verbose installManyTop reading scoped package data from C:\Users\lance\code\lancebrown.tech\lancebrown.tech\node_modules\express\package.json
14 verbose installManyTop reading scoped package data from C:\Users\lance\code\lancebrown.tech\lancebrown.tech\node_modules\express-session\package.json
15 verbose installManyTop reading scoped package data from C:\Users\lance\code\lancebrown.tech\lancebrown.tech\node_modules\mongoose\package.json
16 verbose installManyTop reading scoped package data from C:\Users\lance\code\lancebrown.tech\lancebrown.tech\node_modules\morgan\package.json
17 verbose installManyTop reading scoped package data from C:\Users\lance\code\lancebrown.tech\lancebrown.tech\node_modules\node\package.json
18 verbose installManyTop reading scoped package data from C:\Users\lance\code\lancebrown.tech\lancebrown.tech\node_modules\nodemon\package.json
19 verbose installManyTop reading scoped package data from C:\Users\lance\code\lancebrown.tech\lancebrown.tech\node_modules\passport\package.json
20 verbose installManyTop reading scoped package data from C:\Users\lance\code\lancebrown.tech\lancebrown.tech\node_modules\passport-local\package.json
21 verbose installManyTop reading scoped package data from C:\Users\lance\code\lancebrown.tech\lancebrown.tech\node_modules\python\package.json
22 info package.json node@0.0.0 No description
23 info package.json node@0.0.0 No repository field.
24 info package.json node@0.0.0 No README data
25 info package.json node@0.0.0 No license field.
26 info package.json passport-local@1.0.0 No license field.
27 info package.json python@0.0.4 No license field.
28 verbose readDependencies loading dependencies from C:\Users\lance\code\lancebrown.tech\lancebrown.tech\package.json
29 verbose targetResolver reading package data from C:\Users\lance\code\lancebrown.tech\lancebrown.tech\node_modules\bcryptjs\package.json
30 verbose targetResolver reading package data from C:\Users\lance\code\lancebrown.tech\lancebrown.tech\node_modules\body-parser\package.json
31 verbose targetResolver reading package data from C:\Users\lance\code\lancebrown.tech\lancebrown.tech\node_modules\express\package.json
32 verbose targetResolver reading package data from C:\Users\lance\code\lancebrown.tech\lancebrown.tech\node_modules\express-session\package.json
33 verbose targetResolver reading package data from C:\Users\lance\code\lancebrown.tech\lancebrown.tech\node_modules\mongoose\package.json
34 verbose targetResolver reading package data from C:\Users\lance\code\lancebrown.tech\lancebrown.tech\node_modules\morgan\package.json
35 verbose targetResolver reading package data from C:\Users\lance\code\lancebrown.tech\lancebrown.tech\node_modules\node\package.json
36 verbose targetResolver reading package data from C:\Users\lance\code\lancebrown.tech\lancebrown.tech\node_modules\nodemon\package.json
37 verbose targetResolver reading package data from C:\Users\lance\code\lancebrown.tech\lancebrown.tech\node_modules\passport\package.json
38 verbose targetResolver reading package data from C:\Users\lance\code\lancebrown.tech\lancebrown.tech\node_modules\passport-local\package.json
39 verbose targetResolver reading package data from C:\Users\lance\code\lancebrown.tech\lancebrown.tech\node_modules\python\package.json
40 verbose already installed skipping express-session@^1.14.0 C:\Users\lance\code\lancebrown.tech\lancebrown.tech
41 verbose already installed skipping mongoose@^4.5.2 C:\Users\lance\code\lancebrown.tech\lancebrown.tech
42 verbose already installed skipping morgan@^1.7.0 C:\Users\lance\code\lancebrown.tech\lancebrown.tech
43 verbose already installed skipping passport@^0.3.2 C:\Users\lance\code\lancebrown.tech\lancebrown.tech
44 verbose already installed skipping passport-local@^1.0.0 C:\Users\lance\code\lancebrown.tech\lancebrown.tech
45 silly cache add args [ 'bcrypt@^0.8.7', null ]
46 verbose cache add spec bcrypt@^0.8.7
47 silly cache add parsed spec Result {
47 silly cache add   raw: 'bcrypt@^0.8.7',
47 silly cache add   scope: null,
47 silly cache add   name: 'bcrypt',
47 silly cache add   rawSpec: '^0.8.7',
47 silly cache add   spec: '>=0.8.7 <0.9.0',
47 silly cache add   type: 'range' }
48 silly addNamed bcrypt@>=0.8.7 <0.9.0
49 verbose addNamed ">=0.8.7 <0.9.0" is a valid semver range for bcrypt
50 silly addNameRange { name: 'bcrypt', range: '>=0.8.7 <0.9.0', hasData: false }
51 silly mapToRegistry name bcrypt
52 silly mapToRegistry using default registry
53 silly mapToRegistry registry https://registry.npmjs.org/
54 silly mapToRegistry data Result {
54 silly mapToRegistry   raw: 'bcrypt',
54 silly mapToRegistry   scope: null,
54 silly mapToRegistry   name: 'bcrypt',
54 silly mapToRegistry   rawSpec: '',
54 silly mapToRegistry   spec: 'latest',
54 silly mapToRegistry   type: 'tag' }
55 silly mapToRegistry uri https://registry.npmjs.org/bcrypt
56 verbose addNameRange registry:https://registry.npmjs.org/bcrypt not in flight; fetching
57 verbose already installed skipping bcryptjs@^2.3.0 C:\Users\lance\code\lancebrown.tech\lancebrown.tech
58 verbose already installed skipping body-parser@^1.15.2 C:\Users\lance\code\lancebrown.tech\lancebrown.tech
59 verbose already installed skipping express@^4.14.0 C:\Users\lance\code\lancebrown.tech\lancebrown.tech
60 verbose request uri https://registry.npmjs.org/bcrypt
61 verbose request no auth needed
62 info attempt registry request try #1 at 2:35:20 PM
63 verbose request id 7db2c19527db3df7
64 verbose etag "2W7CTWO1ETKY4R5XARYMM9SFN"
65 http request GET https://registry.npmjs.org/bcrypt
66 http 200 https://registry.npmjs.org/bcrypt
67 verbose headers { server: 'CouchDB/1.5.0 (Erlang OTP/R16B03)',
67 verbose headers   etag: '"884JVLJPZFHHM49B4C957TTFT"',
67 verbose headers   'content-type': 'application/json',
67 verbose headers   'content-encoding': 'gzip',
67 verbose headers   'cache-control': 'max-age=300',
67 verbose headers   'content-length': '11903',
67 verbose headers   'accept-ranges': 'bytes',
67 verbose headers   date: 'Fri, 14 Oct 2016 20:35:22 GMT',
67 verbose headers   via: '1.1 varnish',
67 verbose headers   age: '121',
67 verbose headers   connection: 'keep-alive',
67 verbose headers   'x-served-by': 'cache-den6020-DEN',
67 verbose headers   'x-cache': 'HIT',
67 verbose headers   'x-cache-hits': '1',
67 verbose headers   'x-timer': 'S1476477322.062379,VS0,VE0',
67 verbose headers   vary: 'Accept-Encoding' }
68 silly get cb [ 200,
68 silly get   { server: 'CouchDB/1.5.0 (Erlang OTP/R16B03)',
68 silly get     etag: '"884JVLJPZFHHM49B4C957TTFT"',
68 silly get     'content-type': 'application/json',
68 silly get     'content-encoding': 'gzip',
68 silly get     'cache-control': 'max-age=300',
68 silly get     'content-length': '11903',
68 silly get     'accept-ranges': 'bytes',
68 silly get     date: 'Fri, 14 Oct 2016 20:35:22 GMT',
68 silly get     via: '1.1 varnish',
68 silly get     age: '121',
68 silly get     connection: 'keep-alive',
68 silly get     'x-served-by': 'cache-den6020-DEN',
68 silly get     'x-cache': 'HIT',
68 silly get     'x-cache-hits': '1',
68 silly get     'x-timer': 'S1476477322.062379,VS0,VE0',
68 silly get     vary: 'Accept-Encoding' } ]
69 verbose get saving bcrypt to C:\Users\lance\AppData\Roaming\npm-cache\registry.npmjs.org\bcrypt\.cache.json
70 verbose correctMkdir C:\Users\lance\AppData\Roaming\npm-cache correctMkdir not in flight; initializing
71 silly addNameRange number 2 { name: 'bcrypt', range: '>=0.8.7 <0.9.0', hasData: true }
72 silly addNameRange versions [ 'bcrypt',
72 silly addNameRange   [ '0.1.2',
72 silly addNameRange     '0.2.0',
72 silly addNameRange     '0.2.1',
72 silly addNameRange     '0.1.3',
72 silly addNameRange     '0.2.2',
72 silly addNameRange     '0.2.3',
72 silly addNameRange     '0.2.4',
72 silly addNameRange     '0.3.0',
72 silly addNameRange     '0.3.1',
72 silly addNameRange     '0.3.2',
72 silly addNameRange     '0.4.0',
72 silly addNameRange     '0.4.1',
72 silly addNameRange     '0.5.0',
72 silly addNameRange     '0.6.0',
72 silly addNameRange     '0.7.0',
72 silly addNameRange     '0.7.1',
72 silly addNameRange     '0.7.2',
72 silly addNameRange     '0.7.3',
72 silly addNameRange     '0.7.4',
72 silly addNameRange     '0.7.5',
72 silly addNameRange     '0.7.6',
72 silly addNameRange     '0.7.7',
72 silly addNameRange     '0.7.8',
72 silly addNameRange     '0.8.0',
72 silly addNameRange     '0.8.1',
72 silly addNameRange     '0.8.2',
72 silly addNameRange     '0.8.3',
72 silly addNameRange     '0.8.4',
72 silly addNameRange     '0.8.5',
72 silly addNameRange     '0.8.6',
72 silly addNameRange     '0.8.7' ] ]
73 silly addNamed bcrypt@0.8.7
74 verbose addNamed "0.8.7" is a plain semver version for bcrypt
75 silly cache afterAdd bcrypt@0.8.7
76 verbose afterAdd C:\Users\lance\AppData\Roaming\npm-cache\bcrypt\0.8.7\package\package.json not in flight; writing
77 verbose correctMkdir C:\Users\lance\AppData\Roaming\npm-cache correctMkdir not in flight; initializing
78 verbose afterAdd C:\Users\lance\AppData\Roaming\npm-cache\bcrypt\0.8.7\package\package.json written
79 silly install resolved [ { name: 'bcrypt',
79 silly install resolved     description: 'A bcrypt library for NodeJS.',
79 silly install resolved     keywords:
79 silly install resolved      [ 'bcrypt',
79 silly install resolved        'password',
79 silly install resolved        'auth',
79 silly install resolved        'authentication',
79 silly install resolved        'encryption',
79 silly install resolved        'crypt',
79 silly install resolved        'crypto' ],
79 silly install resolved     main: './bcrypt',
79 silly install resolved     version: '0.8.7',
79 silly install resolved     author: { name: 'Nick Campbell', url: 'https://github.com/ncb000gt' },
79 silly install resolved     engines: { node: '>= 0.6.0' },
79 silly install resolved     repository:
79 silly install resolved      { type: 'git',
79 silly install resolved        url: 'git+https://github.com/ncb000gt/node.bcrypt.js.git' },
79 silly install resolved     license: 'MIT',
79 silly install resolved     bugs: { url: 'https://github.com/ncb000gt/node.bcrypt.js/issues' },
79 silly install resolved     scripts:
79 silly install resolved      { test: 'node-gyp configure build && nodeunit test',
79 silly install resolved        install: 'node-gyp rebuild' },
79 silly install resolved     dependencies: { bindings: '1.2.1', nan: '2.3.5' },
79 silly install resolved     devDependencies: { nodeunit: '~0.9.1' },
79 silly install resolved     contributors:
79 silly install resolved      [ [Object],
79 silly install resolved        [Object],
79 silly install resolved        [Object],
79 silly install resolved        [Object],
79 silly install resolved        [Object],
79 silly install resolved        [Object],
79 silly install resolved        [Object],
79 silly install resolved        [Object],
79 silly install resolved        [Object],
79 silly install resolved        [Object],
79 silly install resolved        [Object],
79 silly install resolved        [Object],
79 silly install resolved        [Object],
79 silly install resolved        [Object] ],
79 silly install resolved     gypfile: true,
79 silly install resolved     gitHead: '0dc9b78dab6980d129b77d1df723aa44daa7deb4',
79 silly install resolved     homepage: 'https://github.com/ncb000gt/node.bcrypt.js#readme',
79 silly install resolved     _id: 'bcrypt@0.8.7',
79 silly install resolved     _shasum: 'bc3875a9afd0a7b2cd231a6a7f218a5ce156b093',
79 silly install resolved     _from: 'bcrypt@>=0.8.7 <0.9.0',
79 silly install resolved     _npmVersion: '3.8.9',
79 silly install resolved     _nodeVersion: '6.2.0',
79 silly install resolved     _npmUser: { name: 'defunctzombie', email: 'shtylman@gmail.com' },
79 silly install resolved     dist:
79 silly install resolved      { shasum: 'bc3875a9afd0a7b2cd231a6a7f218a5ce156b093',
79 silly install resolved        tarball: 'https://registry.npmjs.org/bcrypt/-/bcrypt-0.8.7.tgz' },
79 silly install resolved     maintainers: [ [Object], [Object], [Object], [Object] ],
79 silly install resolved     _npmOperationalInternal:
79 silly install resolved      { host: 'packages-12-west.internal.npmjs.com',
79 silly install resolved        tmp: 'tmp/bcrypt-0.8.7.tgz_1465526713712_0.05265477881766856' },
79 silly install resolved     directories: {},
79 silly install resolved     _resolved: 'https://registry.npmjs.org/bcrypt/-/bcrypt-0.8.7.tgz',
79 silly install resolved     readme: 'ERROR: No README data found!' } ]
80 info install bcrypt@0.8.7 into C:\Users\lance\code\lancebrown.tech\lancebrown.tech
81 info installOne bcrypt@0.8.7
82 verbose installOne of bcrypt to C:\Users\lance\code\lancebrown.tech\lancebrown.tech not in flight; installing
83 verbose correctMkdir C:\Users\lance\AppData\Roaming\npm-cache\_locks correctMkdir not in flight; initializing
84 verbose lock using C:\Users\lance\AppData\Roaming\npm-cache\_locks\bcrypt-789855718b8d5026.lock for C:\Users\lance\code\lancebrown.tech\lancebrown.tech\node_modules\bcrypt
85 silly install write writing bcrypt 0.8.7 to C:\Users\lance\code\lancebrown.tech\lancebrown.tech\node_modules\bcrypt
86 verbose unbuild node_modules\bcrypt
87 silly gentlyRm C:\Users\lance\code\lancebrown.tech\lancebrown.tech\node_modules\bcrypt is being purged from base C:\Users\lance\code\lancebrown.tech\lancebrown.tech
88 verbose gentlyRm don't care about contents; nuking C:\Users\lance\code\lancebrown.tech\lancebrown.tech\node_modules\bcrypt
89 verbose tar unpack C:\Users\lance\AppData\Roaming\npm-cache\bcrypt\0.8.7\package.tgz
90 verbose tar unpacking to C:\Users\lance\code\lancebrown.tech\lancebrown.tech\node_modules\bcrypt
91 silly gentlyRm C:\Users\lance\code\lancebrown.tech\lancebrown.tech\node_modules\bcrypt is being purged
92 verbose gentlyRm don't care about contents; nuking C:\Users\lance\code\lancebrown.tech\lancebrown.tech\node_modules\bcrypt
93 silly gunzTarPerm modes [ '777', '666' ]
94 silly gunzTarPerm extractEntry package.json
95 silly gunzTarPerm modified mode [ 'package.json', 420, 438 ]
96 silly gunzTarPerm extractEntry .npmignore
97 silly gunzTarPerm modified mode [ '.npmignore', 420, 438 ]
98 silly gunzTarPerm extractEntry README.md
99 silly gunzTarPerm modified mode [ 'README.md', 420, 438 ]
100 silly gunzTarPerm extractEntry LICENSE
101 silly gunzTarPerm modified mode [ 'LICENSE', 420, 438 ]
102 silly gunzTarPerm extractEntry bcrypt.js
103 silly gunzTarPerm modified mode [ 'bcrypt.js', 420, 438 ]
104 silly gunzTarPerm extractEntry Makefile
105 silly gunzTarPerm modified mode [ 'Makefile', 420, 438 ]
106 silly gunzTarPerm extractEntry .travis.yml
107 silly gunzTarPerm modified mode [ '.travis.yml', 420, 438 ]
108 silly gunzTarPerm extractEntry CHANGELOG.md
109 silly gunzTarPerm modified mode [ 'CHANGELOG.md', 420, 438 ]
110 silly gunzTarPerm extractEntry binding.gyp
111 silly gunzTarPerm modified mode [ 'binding.gyp', 420, 438 ]
112 silly gunzTarPerm extractEntry examples/async_compare.js
113 silly gunzTarPerm modified mode [ 'examples/async_compare.js', 420, 438 ]
114 silly gunzTarPerm extractEntry examples/forever_gen_salt.js
115 silly gunzTarPerm modified mode [ 'examples/forever_gen_salt.js', 420, 438 ]
116 silly gunzTarPerm extractEntry test/async.js
117 silly gunzTarPerm modified mode [ 'test/async.js', 420, 438 ]
118 silly gunzTarPerm extractEntry test/repetitions.js
119 silly gunzTarPerm modified mode [ 'test/repetitions.js', 420, 438 ]
120 silly gunzTarPerm extractEntry test/sync.js
121 silly gunzTarPerm modified mode [ 'test/sync.js', 420, 438 ]
122 silly gunzTarPerm extractEntry ISSUE_TEMPLATE.md
123 silly gunzTarPerm modified mode [ 'ISSUE_TEMPLATE.md', 420, 438 ]
124 silly gunzTarPerm extractEntry src/bcrypt.cc
125 silly gunzTarPerm modified mode [ 'src/bcrypt.cc', 420, 438 ]
126 silly gunzTarPerm extractEntry src/bcrypt_node.cc
127 silly gunzTarPerm modified mode [ 'src/bcrypt_node.cc', 420, 438 ]
128 silly gunzTarPerm extractEntry src/blowfish.cc
129 silly gunzTarPerm modified mode [ 'src/blowfish.cc', 420, 438 ]
130 silly gunzTarPerm extractEntry src/node_blf.h
131 silly gunzTarPerm modified mode [ 'src/node_blf.h', 420, 438 ]
132 silly gunzTarPerm extractEntry werker.yml
133 silly gunzTarPerm modified mode [ 'werker.yml', 420, 438 ]
134 verbose write writing to C:\Users\lance\code\lancebrown.tech\lancebrown.tech\node_modules\bcrypt\package.json
135 info preinstall bcrypt@0.8.7
136 verbose readDependencies loading dependencies from C:\Users\lance\code\lancebrown.tech\lancebrown.tech\node_modules\bcrypt\package.json
137 silly prepareForInstallMany adding bindings@1.2.1 from bcrypt dependencies
138 silly prepareForInstallMany adding nan@2.3.5 from bcrypt dependencies
139 verbose readDependencies loading dependencies from C:\Users\lance\code\lancebrown.tech\lancebrown.tech\node_modules\bcrypt\package.json
140 silly cache add args [ 'bindings@1.2.1', null ]
141 verbose cache add spec bindings@1.2.1
142 silly cache add args [ 'nan@2.3.5', null ]
143 verbose cache add spec nan@2.3.5
144 silly cache add parsed spec Result {
144 silly cache add   raw: 'bindings@1.2.1',
144 silly cache add   scope: null,
144 silly cache add   name: 'bindings',
144 silly cache add   rawSpec: '1.2.1',
144 silly cache add   spec: '1.2.1',
144 silly cache add   type: 'version' }
145 silly addNamed bindings@1.2.1
146 verbose addNamed "1.2.1" is a plain semver version for bindings
147 silly mapToRegistry name bindings
148 silly mapToRegistry using default registry
149 silly mapToRegistry registry https://registry.npmjs.org/
150 silly mapToRegistry data Result {
150 silly mapToRegistry   raw: 'bindings',
150 silly mapToRegistry   scope: null,
150 silly mapToRegistry   name: 'bindings',
150 silly mapToRegistry   rawSpec: '',
150 silly mapToRegistry   spec: 'latest',
150 silly mapToRegistry   type: 'tag' }
151 silly mapToRegistry uri https://registry.npmjs.org/bindings
152 verbose addNameVersion registry:https://registry.npmjs.org/bindings not in flight; fetching
153 silly cache add parsed spec Result {
153 silly cache add   raw: 'nan@2.3.5',
153 silly cache add   scope: null,
153 silly cache add   name: 'nan',
153 silly cache add   rawSpec: '2.3.5',
153 silly cache add   spec: '2.3.5',
153 silly cache add   type: 'version' }
154 silly addNamed nan@2.3.5
155 verbose addNamed "2.3.5" is a plain semver version for nan
156 silly mapToRegistry name nan
157 silly mapToRegistry using default registry
158 silly mapToRegistry registry https://registry.npmjs.org/
159 silly mapToRegistry data Result {
159 silly mapToRegistry   raw: 'nan',
159 silly mapToRegistry   scope: null,
159 silly mapToRegistry   name: 'nan',
159 silly mapToRegistry   rawSpec: '',
159 silly mapToRegistry   spec: 'latest',
159 silly mapToRegistry   type: 'tag' }
160 silly mapToRegistry uri https://registry.npmjs.org/nan
161 verbose addNameVersion registry:https://registry.npmjs.org/nan not in flight; fetching
162 verbose request uri https://registry.npmjs.org/nan
163 verbose request no auth needed
164 info attempt registry request try #1 at 2:35:20 PM
165 verbose etag "AJS9H2Q4TZEB8HVJ93AP2ONSH"
166 http request GET https://registry.npmjs.org/nan
167 verbose request uri https://registry.npmjs.org/bindings
168 verbose request no auth needed
169 info attempt registry request try #1 at 2:35:20 PM
170 verbose etag "C1AW6UVQGY4VZQGFC1WTIGMDV"
171 http request GET https://registry.npmjs.org/bindings
172 http 200 https://registry.npmjs.org/nan
173 verbose headers { server: 'CouchDB/1.5.0 (Erlang OTP/R16B03)',
173 verbose headers   etag: '"1YJEPM5V4XH0MZT0HV3B8R9BB"',
173 verbose headers   'content-type': 'application/json',
173 verbose headers   'content-encoding': 'gzip',
173 verbose headers   'cache-control': 'max-age=300',
173 verbose headers   'content-length': '17234',
173 verbose headers   'accept-ranges': 'bytes',
173 verbose headers   date: 'Fri, 14 Oct 2016 20:35:22 GMT',
173 verbose headers   via: '1.1 varnish',
173 verbose headers   age: '177',
173 verbose headers   connection: 'keep-alive',
173 verbose headers   'x-served-by': 'cache-den6020-DEN',
173 verbose headers   'x-cache': 'HIT',
173 verbose headers   'x-cache-hits': '2',
173 verbose headers   'x-timer': 'S1476477322.312989,VS0,VE0',
173 verbose headers   vary: 'Accept-Encoding' }
174 silly get cb [ 200,
174 silly get   { server: 'CouchDB/1.5.0 (Erlang OTP/R16B03)',
174 silly get     etag: '"1YJEPM5V4XH0MZT0HV3B8R9BB"',
174 silly get     'content-type': 'application/json',
174 silly get     'content-encoding': 'gzip',
174 silly get     'cache-control': 'max-age=300',
174 silly get     'content-length': '17234',
174 silly get     'accept-ranges': 'bytes',
174 silly get     date: 'Fri, 14 Oct 2016 20:35:22 GMT',
174 silly get     via: '1.1 varnish',
174 silly get     age: '177',
174 silly get     connection: 'keep-alive',
174 silly get     'x-served-by': 'cache-den6020-DEN',
174 silly get     'x-cache': 'HIT',
174 silly get     'x-cache-hits': '2',
174 silly get     'x-timer': 'S1476477322.312989,VS0,VE0',
174 silly get     vary: 'Accept-Encoding' } ]
175 verbose get saving nan to C:\Users\lance\AppData\Roaming\npm-cache\registry.npmjs.org\nan\.cache.json
176 verbose correctMkdir C:\Users\lance\AppData\Roaming\npm-cache correctMkdir not in flight; initializing
177 silly mapToRegistry name nan
178 silly mapToRegistry using default registry
179 silly mapToRegistry registry https://registry.npmjs.org/
180 silly mapToRegistry data Result {
180 silly mapToRegistry   raw: 'nan',
180 silly mapToRegistry   scope: null,
180 silly mapToRegistry   name: 'nan',
180 silly mapToRegistry   rawSpec: '',
180 silly mapToRegistry   spec: 'latest',
180 silly mapToRegistry   type: 'tag' }
181 silly mapToRegistry uri https://registry.npmjs.org/nan
182 verbose addRemoteTarball https://registry.npmjs.org/nan/-/nan-2.3.5.tgz not in flight; adding
183 verbose addRemoteTarball [ 'https://registry.npmjs.org/nan/-/nan-2.3.5.tgz',
183 verbose addRemoteTarball   '822a0dc266290ce4cd3a12282ca3e7e364668a08' ]
184 info retry fetch attempt 1 at 2:35:20 PM
185 info attempt registry request try #1 at 2:35:20 PM
186 http fetch GET https://registry.npmjs.org/nan/-/nan-2.3.5.tgz
187 http fetch 200 https://registry.npmjs.org/nan/-/nan-2.3.5.tgz
188 silly fetchAndShaCheck shasum 822a0dc266290ce4cd3a12282ca3e7e364668a08
189 verbose addTmpTarball C:\Users\lance\AppData\Local\Temp\npm-18752-f44287c9\registry.npmjs.org\nan\-\nan-2.3.5.tgz not in flight; adding
190 verbose addTmpTarball already have metadata; skipping unpack for nan@2.3.5
191 verbose correctMkdir C:\Users\lance\AppData\Roaming\npm-cache correctMkdir not in flight; initializing
192 silly cache afterAdd nan@2.3.5
193 verbose afterAdd C:\Users\lance\AppData\Roaming\npm-cache\nan\2.3.5\package\package.json not in flight; writing
194 verbose correctMkdir C:\Users\lance\AppData\Roaming\npm-cache correctMkdir not in flight; initializing
195 verbose afterAdd C:\Users\lance\AppData\Roaming\npm-cache\nan\2.3.5\package\package.json written
196 http 304 https://registry.npmjs.org/bindings
197 verbose headers { date: 'Fri, 14 Oct 2016 20:35:22 GMT',
197 verbose headers   via: '1.1 varnish',
197 verbose headers   'cache-control': 'max-age=300',
197 verbose headers   etag: '"C1AW6UVQGY4VZQGFC1WTIGMDV"',
197 verbose headers   age: '0',
197 verbose headers   connection: 'keep-alive',
197 verbose headers   'x-served-by': 'cache-den6024-DEN',
197 verbose headers   'x-cache': 'HIT',
197 verbose headers   'x-cache-hits': '1',
197 verbose headers   'x-timer': 'S1476477322.355750,VS0,VE246',
197 verbose headers   vary: 'Accept-Encoding' }
198 silly get cb [ 304,
198 silly get   { date: 'Fri, 14 Oct 2016 20:35:22 GMT',
198 silly get     via: '1.1 varnish',
198 silly get     'cache-control': 'max-age=300',
198 silly get     etag: '"C1AW6UVQGY4VZQGFC1WTIGMDV"',
198 silly get     age: '0',
198 silly get     connection: 'keep-alive',
198 silly get     'x-served-by': 'cache-den6024-DEN',
198 silly get     'x-cache': 'HIT',
198 silly get     'x-cache-hits': '1',
198 silly get     'x-timer': 'S1476477322.355750,VS0,VE246',
198 silly get     vary: 'Accept-Encoding' } ]
199 verbose etag https://registry.npmjs.org/bindings from cache
200 verbose get saving bindings to C:\Users\lance\AppData\Roaming\npm-cache\registry.npmjs.org\bindings\.cache.json
201 verbose correctMkdir C:\Users\lance\AppData\Roaming\npm-cache correctMkdir not in flight; initializing
202 silly cache afterAdd bindings@1.2.1
203 verbose afterAdd C:\Users\lance\AppData\Roaming\npm-cache\bindings\1.2.1\package\package.json not in flight; writing
204 verbose correctMkdir C:\Users\lance\AppData\Roaming\npm-cache correctMkdir not in flight; initializing
205 verbose afterAdd C:\Users\lance\AppData\Roaming\npm-cache\bindings\1.2.1\package\package.json written
206 silly install resolved [ { name: 'nan',
206 silly install resolved     version: '2.3.5',
206 silly install resolved     description: 'Native Abstractions for Node.js: C++ header for Node 0.8 -> 6 compatibility',
206 silly install resolved     main: 'include_dirs.js',
206 silly install resolved     repository: { type: 'git', url: 'git://github.com/nodejs/nan.git' },
206 silly install resolved     scripts:
206 silly install resolved      { test: 'tap --gc --stderr test/js/*-test.js',
206 silly install resolved        'rebuild-tests': 'node-gyp rebuild --msvs_version=2013 --directory test',
206 silly install resolved        docs: 'doc/.build.sh' },
206 silly install resolved     contributors:
206 silly install resolved      [ [Object],
206 silly install resolved        [Object],
206 silly install resolved        [Object],
206 silly install resolved        [Object],
206 silly install resolved        [Object],
206 silly install resolved        [Object],
206 silly install resolved        [Object] ],
206 silly install resolved     devDependencies:
206 silly install resolved      { bindings: '~1.2.1',
206 silly install resolved        commander: '^2.8.1',
206 silly install resolved        glob: '^5.0.14',
206 silly install resolved        'node-gyp': '~3.0.1',
206 silly install resolved        tap: '~0.7.1',
206 silly install resolved        xtend: '~4.0.0' },
206 silly install resolved     license: 'MIT',
206 silly install resolved     bugs: { url: 'https://github.com/nodejs/nan/issues' },
206 silly install resolved     homepage: 'https://github.com/nodejs/nan#readme',
206 silly install resolved     _id: 'nan@2.3.5',
206 silly install resolved     _shasum: '822a0dc266290ce4cd3a12282ca3e7e364668a08',
206 silly install resolved     _resolved: 'https://registry.npmjs.org/nan/-/nan-2.3.5.tgz',
206 silly install resolved     _from: 'nan@2.3.5',
206 silly install resolved     _npmVersion: '3.3.6',
206 silly install resolved     _nodeVersion: '5.0.0',
206 silly install resolved     _npmUser: { name: 'kkoopa', email: 'bbyholm@abo.fi' },
206 silly install resolved     dist:
206 silly install resolved      { shasum: '822a0dc266290ce4cd3a12282ca3e7e364668a08',
206 silly install resolved        tarball: 'https://registry.npmjs.org/nan/-/nan-2.3.5.tgz' },
206 silly install resolved     maintainers: [ [Object], [Object] ],
206 silly install resolved     _npmOperationalInternal:
206 silly install resolved      { host: 'packages-12-west.internal.npmjs.com',
206 silly install resolved        tmp: 'tmp/nan-2.3.5.tgz_1464707164994_0.4295874561648816' },
206 silly install resolved     directories: {} },
206 silly install resolved   { name: 'bindings',
206 silly install resolved     description: 'Helper module for loading your native module\'s .node file',
206 silly install resolved     keywords: [ 'native', 'addon', 'bindings', 'gyp', 'waf', 'c', 'c++' ],
206 silly install resolved     version: '1.2.1',
206 silly install resolved     author:
206 silly install resolved      { name: 'Nathan Rajlich',
206 silly install resolved        email: 'nathan@tootallnate.net',
206 silly install resolved        url: 'http://tootallnate.net' },
206 silly install resolved     repository:
206 silly install resolved      { type: 'git',
206 silly install resolved        url: 'git://github.com/TooTallNate/node-bindings.git' },
206 silly install resolved     main: './bindings.js',
206 silly install resolved     bugs: { url: 'https://github.com/TooTallNate/node-bindings/issues' },
206 silly install resolved     homepage: 'https://github.com/TooTallNate/node-bindings',
206 silly install resolved     license: 'MIT',
206 silly install resolved     gitHead: 'e404152ee27f8478ccbc7122ee051246e8e5ec02',
206 silly install resolved     _id: 'bindings@1.2.1',
206 silly install resolved     scripts: {},
206 silly install resolved     _shasum: '14ad6113812d2d37d72e67b4cacb4bb726505f11',
206 silly install resolved     _from: 'bindings@1.2.1',
206 silly install resolved     _npmVersion: '1.4.14',
206 silly install resolved     _npmUser: { name: 'tootallnate', email: 'nathan@tootallnate.net' },
206 silly install resolved     maintainers: [ [Object], [Object] ],
206 silly install resolved     dist:
206 silly install resolved      { shasum: '14ad6113812d2d37d72e67b4cacb4bb726505f11',
206 silly install resolved        tarball: 'https://registry.npmjs.org/bindings/-/bindings-1.2.1.tgz' },
206 silly install resolved     directories: {},
206 silly install resolved     _resolved: 'https://registry.npmjs.org/bindings/-/bindings-1.2.1.tgz',
206 silly install resolved     readme: 'ERROR: No README data found!' } ]
207 info install nan@2.3.5 into C:\Users\lance\code\lancebrown.tech\lancebrown.tech\node_modules\bcrypt
208 info install bindings@1.2.1 into C:\Users\lance\code\lancebrown.tech\lancebrown.tech\node_modules\bcrypt
209 info installOne nan@2.3.5
210 verbose installOne of nan to C:\Users\lance\code\lancebrown.tech\lancebrown.tech\node_modules\bcrypt not in flight; installing
211 verbose correctMkdir C:\Users\lance\AppData\Roaming\npm-cache\_locks correctMkdir not in flight; initializing
212 info installOne bindings@1.2.1
213 verbose installOne of bindings to C:\Users\lance\code\lancebrown.tech\lancebrown.tech\node_modules\bcrypt not in flight; installing
214 verbose correctMkdir C:\Users\lance\AppData\Roaming\npm-cache\_locks correctMkdir not in flight; initializing
215 verbose lock using C:\Users\lance\AppData\Roaming\npm-cache\_locks\nan-00e45b3ad80a6ae9.lock for C:\Users\lance\code\lancebrown.tech\lancebrown.tech\node_modules\bcrypt\node_modules\nan
216 verbose lock using C:\Users\lance\AppData\Roaming\npm-cache\_locks\bindings-9abc778de872924a.lock for C:\Users\lance\code\lancebrown.tech\lancebrown.tech\node_modules\bcrypt\node_modules\bindings
217 silly install write writing nan 2.3.5 to C:\Users\lance\code\lancebrown.tech\lancebrown.tech\node_modules\bcrypt\node_modules\nan
218 silly install write writing bindings 1.2.1 to C:\Users\lance\code\lancebrown.tech\lancebrown.tech\node_modules\bcrypt\node_modules\bindings
219 verbose unbuild node_modules\bcrypt\node_modules\nan
220 verbose unbuild node_modules\bcrypt\node_modules\bindings
221 silly gentlyRm C:\Users\lance\code\lancebrown.tech\lancebrown.tech\node_modules\bcrypt\node_modules\nan is being purged from base C:\Users\lance\code\lancebrown.tech\lancebrown.tech
222 verbose gentlyRm don't care about contents; nuking C:\Users\lance\code\lancebrown.tech\lancebrown.tech\node_modules\bcrypt\node_modules\nan
223 silly gentlyRm C:\Users\lance\code\lancebrown.tech\lancebrown.tech\node_modules\bcrypt\node_modules\bindings is being purged from base C:\Users\lance\code\lancebrown.tech\lancebrown.tech
224 verbose gentlyRm don't care about contents; nuking C:\Users\lance\code\lancebrown.tech\lancebrown.tech\node_modules\bcrypt\node_modules\bindings
225 verbose tar unpack C:\Users\lance\AppData\Roaming\npm-cache\nan\2.3.5\package.tgz
226 verbose tar unpacking to C:\Users\lance\code\lancebrown.tech\lancebrown.tech\node_modules\bcrypt\node_modules\nan
227 silly gentlyRm C:\Users\lance\code\lancebrown.tech\lancebrown.tech\node_modules\bcrypt\node_modules\nan is being purged
228 verbose gentlyRm don't care about contents; nuking C:\Users\lance\code\lancebrown.tech\lancebrown.tech\node_modules\bcrypt\node_modules\nan
229 verbose tar unpack C:\Users\lance\AppData\Roaming\npm-cache\bindings\1.2.1\package.tgz
230 verbose tar unpacking to C:\Users\lance\code\lancebrown.tech\lancebrown.tech\node_modules\bcrypt\node_modules\bindings
231 silly gentlyRm C:\Users\lance\code\lancebrown.tech\lancebrown.tech\node_modules\bcrypt\node_modules\bindings is being purged
232 verbose gentlyRm don't care about contents; nuking C:\Users\lance\code\lancebrown.tech\lancebrown.tech\node_modules\bcrypt\node_modules\bindings
233 silly gunzTarPerm modes [ '777', '666' ]
234 silly gunzTarPerm modes [ '777', '666' ]
235 silly gunzTarPerm extractEntry package.json
236 silly gunzTarPerm modified mode [ 'package.json', 436, 438 ]
237 silly gunzTarPerm extractEntry README.md
238 silly gunzTarPerm modified mode [ 'README.md', 436, 438 ]
239 silly gunzTarPerm extractEntry include_dirs.js
240 silly gunzTarPerm modified mode [ 'include_dirs.js', 436, 438 ]
241 silly gunzTarPerm extractEntry package.json
242 silly gunzTarPerm modified mode [ 'package.json', 420, 438 ]
243 silly gunzTarPerm extractEntry README.md
244 silly gunzTarPerm modified mode [ 'README.md', 420, 438 ]
245 silly gunzTarPerm extractEntry bindings.js
246 silly gunzTarPerm modified mode [ 'bindings.js', 420, 438 ]
247 silly gunzTarPerm extractEntry nan_converters.h
248 silly gunzTarPerm modified mode [ 'nan_converters.h', 436, 438 ]
249 silly gunzTarPerm extractEntry LICENSE.md
250 silly gunzTarPerm modified mode [ 'LICENSE.md', 436, 438 ]
251 silly gunzTarPerm extractEntry doc/node_misc.md
252 silly gunzTarPerm modified mode [ 'doc/node_misc.md', 436, 438 ]
253 silly gunzTarPerm extractEntry doc/asyncworker.md
254 silly gunzTarPerm modified mode [ 'doc/asyncworker.md', 436, 438 ]
255 silly gunzTarPerm extractEntry doc/callback.md
256 silly gunzTarPerm modified mode [ 'doc/callback.md', 436, 438 ]
257 silly gunzTarPerm extractEntry doc/converters.md
258 silly gunzTarPerm modified mode [ 'doc/converters.md', 436, 438 ]
259 verbose write writing to C:\Users\lance\code\lancebrown.tech\lancebrown.tech\node_modules\bcrypt\node_modules\bindings\package.json
260 silly gunzTarPerm extractEntry doc/errors.md
261 silly gunzTarPerm modified mode [ 'doc/errors.md', 436, 438 ]
262 silly gunzTarPerm extractEntry doc/maybe_types.md
263 silly gunzTarPerm modified mode [ 'doc/maybe_types.md', 436, 438 ]
264 info preinstall bindings@1.2.1
265 verbose readDependencies loading dependencies from C:\Users\lance\code\lancebrown.tech\lancebrown.tech\node_modules\bcrypt\node_modules\bindings\package.json
266 verbose readDependencies loading dependencies from C:\Users\lance\code\lancebrown.tech\lancebrown.tech\node_modules\bcrypt\node_modules\bindings\package.json
267 silly install resolved []
268 verbose about to build C:\Users\lance\code\lancebrown.tech\lancebrown.tech\node_modules\bcrypt\node_modules\bindings
269 info build C:\Users\lance\code\lancebrown.tech\lancebrown.tech\node_modules\bcrypt\node_modules\bindings
270 silly gunzTarPerm extractEntry doc/methods.md
271 silly gunzTarPerm modified mode [ 'doc/methods.md', 436, 438 ]
272 silly gunzTarPerm extractEntry doc/new.md
273 silly gunzTarPerm modified mode [ 'doc/new.md', 436, 438 ]
274 info linkStuff bindings@1.2.1
275 silly linkStuff bindings@1.2.1 has C:\Users\lance\code\lancebrown.tech\lancebrown.tech\node_modules\bcrypt\node_modules as its parent node_modules
276 verbose linkBins bindings@1.2.1
277 verbose linkMans bindings@1.2.1
278 verbose rebuildBundles bindings@1.2.1
279 info install bindings@1.2.1
280 info postinstall bindings@1.2.1
281 verbose unlock done using C:\Users\lance\AppData\Roaming\npm-cache\_locks\bindings-9abc778de872924a.lock for C:\Users\lance\code\lancebrown.tech\lancebrown.tech\node_modules\bcrypt\node_modules\bindings
282 silly gunzTarPerm extractEntry doc/buffers.md
283 silly gunzTarPerm modified mode [ 'doc/buffers.md', 436, 438 ]
284 silly gunzTarPerm extractEntry doc/object_wrappers.md
285 silly gunzTarPerm modified mode [ 'doc/object_wrappers.md', 436, 438 ]
286 silly gunzTarPerm extractEntry doc/persistent.md
287 silly gunzTarPerm modified mode [ 'doc/persistent.md', 436, 438 ]
288 silly gunzTarPerm extractEntry doc/scopes.md
289 silly gunzTarPerm modified mode [ 'doc/scopes.md', 436, 438 ]
290 silly gunzTarPerm extractEntry doc/script.md
291 silly gunzTarPerm modified mode [ 'doc/script.md', 436, 438 ]
292 silly gunzTarPerm extractEntry doc/string_bytes.md
293 silly gunzTarPerm modified mode [ 'doc/string_bytes.md', 436, 438 ]
294 silly gunzTarPerm extractEntry doc/v8_internals.md
295 silly gunzTarPerm modified mode [ 'doc/v8_internals.md', 436, 438 ]
296 silly gunzTarPerm extractEntry doc/v8_misc.md
297 silly gunzTarPerm modified mode [ 'doc/v8_misc.md', 436, 438 ]
298 silly gunzTarPerm extractEntry nan.h
299 silly gunzTarPerm modified mode [ 'nan.h', 436, 438 ]
300 silly gunzTarPerm extractEntry nan_callbacks.h
301 silly gunzTarPerm modified mode [ 'nan_callbacks.h', 436, 438 ]
302 silly gunzTarPerm extractEntry nan_callbacks_12_inl.h
303 silly gunzTarPerm modified mode [ 'nan_callbacks_12_inl.h', 436, 438 ]
304 silly gunzTarPerm extractEntry nan_callbacks_pre_12_inl.h
305 silly gunzTarPerm modified mode [ 'nan_callbacks_pre_12_inl.h', 436, 438 ]
306 silly gunzTarPerm extractEntry nan_converters_43_inl.h
307 silly gunzTarPerm modified mode [ 'nan_converters_43_inl.h', 436, 438 ]
308 silly gunzTarPerm extractEntry nan_converters_pre_43_inl.h
309 silly gunzTarPerm modified mode [ 'nan_converters_pre_43_inl.h', 436, 438 ]
310 silly gunzTarPerm extractEntry nan_implementation_12_inl.h
311 silly gunzTarPerm modified mode [ 'nan_implementation_12_inl.h', 436, 438 ]
312 silly gunzTarPerm extractEntry nan_implementation_pre_12_inl.h
313 silly gunzTarPerm modified mode [ 'nan_implementation_pre_12_inl.h', 436, 438 ]
314 silly gunzTarPerm extractEntry nan_maybe_43_inl.h
315 silly gunzTarPerm modified mode [ 'nan_maybe_43_inl.h', 436, 438 ]
316 silly gunzTarPerm extractEntry nan_maybe_pre_43_inl.h
317 silly gunzTarPerm modified mode [ 'nan_maybe_pre_43_inl.h', 436, 438 ]
318 silly gunzTarPerm extractEntry nan_new.h
319 silly gunzTarPerm modified mode [ 'nan_new.h', 436, 438 ]
320 silly gunzTarPerm extractEntry nan_object_wrap.h
321 silly gunzTarPerm modified mode [ 'nan_object_wrap.h', 436, 438 ]
322 silly gunzTarPerm extractEntry nan_persistent_12_inl.h
323 silly gunzTarPerm modified mode [ 'nan_persistent_12_inl.h', 436, 438 ]
324 silly gunzTarPerm extractEntry nan_persistent_pre_12_inl.h
325 silly gunzTarPerm modified mode [ 'nan_persistent_pre_12_inl.h', 436, 438 ]
326 silly gunzTarPerm extractEntry nan_string_bytes.h
327 silly gunzTarPerm modified mode [ 'nan_string_bytes.h', 436, 438 ]
328 silly gunzTarPerm extractEntry nan_typedarray_contents.h
329 silly gunzTarPerm modified mode [ 'nan_typedarray_contents.h', 436, 438 ]
330 silly gunzTarPerm extractEntry nan_weak.h
331 silly gunzTarPerm modified mode [ 'nan_weak.h', 436, 438 ]
332 silly gunzTarPerm extractEntry CHANGELOG.md
333 silly gunzTarPerm modified mode [ 'CHANGELOG.md', 436, 438 ]
334 silly gunzTarPerm extractEntry tools/package.json
335 silly gunzTarPerm modified mode [ 'tools/package.json', 436, 438 ]
336 silly gunzTarPerm extractEntry tools/README.md
337 silly gunzTarPerm modified mode [ 'tools/README.md', 436, 438 ]
338 silly gunzTarPerm extractEntry tools/1to2.js
339 silly gunzTarPerm modified mode [ 'tools/1to2.js', 509, 511 ]
340 verbose write writing to C:\Users\lance\code\lancebrown.tech\lancebrown.tech\node_modules\bcrypt\node_modules\nan\package.json
341 info preinstall nan@2.3.5
342 verbose readDependencies loading dependencies from C:\Users\lance\code\lancebrown.tech\lancebrown.tech\node_modules\bcrypt\node_modules\nan\package.json
343 verbose readDependencies loading dependencies from C:\Users\lance\code\lancebrown.tech\lancebrown.tech\node_modules\bcrypt\node_modules\nan\package.json
344 silly install resolved []
345 verbose about to build C:\Users\lance\code\lancebrown.tech\lancebrown.tech\node_modules\bcrypt\node_modules\nan
346 info build C:\Users\lance\code\lancebrown.tech\lancebrown.tech\node_modules\bcrypt\node_modules\nan
347 info linkStuff nan@2.3.5
348 silly linkStuff nan@2.3.5 has C:\Users\lance\code\lancebrown.tech\lancebrown.tech\node_modules\bcrypt\node_modules as its parent node_modules
349 verbose linkBins nan@2.3.5
350 verbose linkMans nan@2.3.5
351 verbose rebuildBundles nan@2.3.5
352 info install nan@2.3.5
353 info postinstall nan@2.3.5
354 verbose unlock done using C:\Users\lance\AppData\Roaming\npm-cache\_locks\nan-00e45b3ad80a6ae9.lock for C:\Users\lance\code\lancebrown.tech\lancebrown.tech\node_modules\bcrypt\node_modules\nan
355 verbose about to build C:\Users\lance\code\lancebrown.tech\lancebrown.tech\node_modules\bcrypt
356 info build C:\Users\lance\code\lancebrown.tech\lancebrown.tech\node_modules\bcrypt
357 info linkStuff bcrypt@0.8.7
358 silly linkStuff bcrypt@0.8.7 has C:\Users\lance\code\lancebrown.tech\lancebrown.tech\node_modules as its parent node_modules
359 verbose linkBins bcrypt@0.8.7
360 verbose linkMans bcrypt@0.8.7
361 verbose rebuildBundles bcrypt@0.8.7
362 verbose rebuildBundles [ 'bindings', 'nan' ]
363 info install bcrypt@0.8.7
364 verbose unsafe-perm in lifecycle true
365 info bcrypt@0.8.7 Failed to exec install script
366 verbose unlock done using C:\Users\lance\AppData\Roaming\npm-cache\_locks\bcrypt-789855718b8d5026.lock for C:\Users\lance\code\lancebrown.tech\lancebrown.tech\node_modules\bcrypt
367 verbose stack Error: bcrypt@0.8.7 install: `node-gyp rebuild`
367 verbose stack Exit status 1
367 verbose stack     at EventEmitter.<anonymous> (c:\PROGRA~1\nodejs\node_modules\npm\lib\utils\lifecycle.js:217:16)
367 verbose stack     at emitTwo (events.js:87:13)
367 verbose stack     at EventEmitter.emit (events.js:172:7)
367 verbose stack     at ChildProcess.<anonymous> (c:\PROGRA~1\nodejs\node_modules\npm\lib\utils\spawn.js:24:14)
367 verbose stack     at emitTwo (events.js:87:13)
367 verbose stack     at ChildProcess.emit (events.js:172:7)
367 verbose stack     at maybeClose (internal/child_process.js:827:16)
367 verbose stack     at Process.ChildProcess._handle.onexit (internal/child_process.js:211:5)
368 verbose pkgid bcrypt@0.8.7
369 verbose cwd C:\Users\lance\code\lancebrown.tech\lancebrown.tech\public
370 error Windows_NT 10.0.14393
371 error argv "c:\\PROGRA~1\\nodejs\\node.exe" "c:\\PROGRA~1\\nodejs\\node_modules\\npm\\bin\\npm-cli.js" "install"
372 error node v4.4.5
373 error npm  v2.15.5
374 error code ELIFECYCLE
375 error bcrypt@0.8.7 install: `node-gyp rebuild`
375 error Exit status 1
376 error Failed at the bcrypt@0.8.7 install script 'node-gyp rebuild'.
376 error This is most likely a problem with the bcrypt package,
376 error not with npm itself.
376 error Tell the author that this fails on your system:
376 error     node-gyp rebuild
376 error You can get information on how to open an issue for this project with:
376 error     npm bugs bcrypt
376 error Or if that isn't available, you can get their info via:
376 error
376 error     npm owner ls bcrypt
376 error There is likely additional logging output above.
377 verbose exit [ 1, true ]
378 verbose unbuild node_modules\bcrypt
379 info preuninstall bcrypt@0.8.7
380 info uninstall bcrypt@0.8.7
381 verbose unbuild rmStuff bcrypt@0.8.7 from C:\Users\lance\code\lancebrown.tech\lancebrown.tech\node_modules
382 info postuninstall bcrypt@0.8.7
383 silly gentlyRm C:\Users\lance\code\lancebrown.tech\lancebrown.tech\node_modules\bcrypt is being purged from base C:\Users\lance\code\lancebrown.tech\lancebrown.tech
384 verbose gentlyRm don't care about contents; nuking C:\Users\lance\code\lancebrown.tech\lancebrown.tech\node_modules\bcrypt
385 silly vacuum-fs purging C:\Users\lance\code\lancebrown.tech\lancebrown.tech\node_modules\bcrypt
386 silly vacuum-fs quitting because other entries in C:\Users\lance\code\lancebrown.tech\lancebrown.tech\node_modules
